{"/Users/dadamska/projects/JestMentoring/src/app/addTodoItem.ts": {"path":"/Users/dadamska/projects/JestMentoring/src/app/addTodoItem.ts","statementMap":{"0":{"start":{"line":1,"column":20},"end":{"line":22,"column":1}},"1":{"start":{"line":2,"column":4},"end":{"line":21,"column":5}},"2":{"start":{"line":3,"column":25},"end":{"line":13,"column":10}},"3":{"start":{"line":15,"column":28},"end":{"line":15,"column":49}},"4":{"start":{"line":16,"column":8},"end":{"line":16,"column":47}},"5":{"start":{"line":17,"column":8},"end":{"line":17,"column":27}},"6":{"start":{"line":20,"column":8},"end":{"line":20,"column":27}}},"fnMap":{"0":{"name":"(anonymous_0)","decl":{"start":{"line":1,"column":20},"end":{"line":1,"column":21}},"loc":{"start":{"line":1,"column":65},"end":{"line":22,"column":1}},"line":1}},"branchMap":{},"s":{"0":1,"1":0,"2":0,"3":0,"4":0,"5":0,"6":0},"f":{"0":0},"b":{},"_coverageSchema":"1a1c01bbd47fc00a2c39e90264f33305004495a9","hash":"4e42a15c7f7605467dbef2520738e72ae0ffa3b0"}
,"/Users/dadamska/projects/JestMentoring/src/app/createDeleteButton.ts": {"path":"/Users/dadamska/projects/JestMentoring/src/app/createDeleteButton.ts","statementMap":{"0":{"start":{"line":3,"column":38},"end":{"line":11,"column":1}},"1":{"start":{"line":4,"column":4},"end":{"line":4,"column":29}},"2":{"start":{"line":5,"column":4},"end":{"line":5,"column":52}},"3":{"start":{"line":7,"column":18},"end":{"line":7,"column":55}},"4":{"start":{"line":8,"column":4},"end":{"line":10,"column":6}},"5":{"start":{"line":9,"column":8},"end":{"line":9,"column":71}},"6":{"start":{"line":9,"column":57},"end":{"line":9,"column":71}},"7":{"start":{"line":13,"column":27},"end":{"line":21,"column":1}},"8":{"start":{"line":14,"column":25},"end":{"line":14,"column":57}},"9":{"start":{"line":15,"column":4},"end":{"line":15,"column":38}},"10":{"start":{"line":16,"column":4},"end":{"line":16,"column":38}},"11":{"start":{"line":17,"column":4},"end":{"line":17,"column":56}},"12":{"start":{"line":18,"column":4},"end":{"line":18,"column":78}},"13":{"start":{"line":18,"column":50},"end":{"line":18,"column":76}},"14":{"start":{"line":20,"column":4},"end":{"line":20,"column":24}}},"fnMap":{"0":{"name":"(anonymous_0)","decl":{"start":{"line":3,"column":38},"end":{"line":3,"column":39}},"loc":{"start":{"line":3,"column":60},"end":{"line":11,"column":1}},"line":3},"1":{"name":"(anonymous_1)","decl":{"start":{"line":8,"column":18},"end":{"line":8,"column":19}},"loc":{"start":{"line":8,"column":26},"end":{"line":10,"column":5}},"line":8},"2":{"name":"(anonymous_2)","decl":{"start":{"line":13,"column":27},"end":{"line":13,"column":28}},"loc":{"start":{"line":13,"column":56},"end":{"line":21,"column":1}},"line":13},"3":{"name":"(anonymous_3)","decl":{"start":{"line":18,"column":44},"end":{"line":18,"column":45}},"loc":{"start":{"line":18,"column":50},"end":{"line":18,"column":76}},"line":18}},"branchMap":{"0":{"loc":{"start":{"line":9,"column":8},"end":{"line":9,"column":71}},"type":"if","locations":[{"start":{"line":9,"column":8},"end":{"line":9,"column":71}},{"start":{},"end":{}}],"line":9}},"s":{"0":1,"1":0,"2":0,"3":0,"4":0,"5":0,"6":0,"7":1,"8":1,"9":1,"10":1,"11":1,"12":1,"13":0,"14":1},"f":{"0":0,"1":0,"2":1,"3":0},"b":{"0":[0,0]},"_coverageSchema":"1a1c01bbd47fc00a2c39e90264f33305004495a9","hash":"ef2d1d7d3f39bfc6b288dd6035b957bc0e4a76be"}
,"/Users/dadamska/projects/JestMentoring/src/app/createListItem.ts": {"path":"/Users/dadamska/projects/JestMentoring/src/app/createListItem.ts","statementMap":{"0":{"start":{"line":4,"column":23},"end":{"line":21,"column":1}},"1":{"start":{"line":9,"column":21},"end":{"line":9,"column":49}},"2":{"start":{"line":10,"column":4},"end":{"line":14,"column":9}},"3":{"start":{"line":15,"column":4},"end":{"line":15,"column":34}},"4":{"start":{"line":16,"column":4},"end":{"line":16,"column":38}},"5":{"start":{"line":17,"column":25},"end":{"line":17,"column":47}},"6":{"start":{"line":18,"column":4},"end":{"line":18,"column":33}},"7":{"start":{"line":20,"column":4},"end":{"line":20,"column":19}}},"fnMap":{"0":{"name":"(anonymous_0)","decl":{"start":{"line":4,"column":23},"end":{"line":4,"column":24}},"loc":{"start":{"line":8,"column":34},"end":{"line":21,"column":1}},"line":8}},"branchMap":{},"s":{"0":1,"1":1,"2":1,"3":1,"4":1,"5":1,"6":1,"7":1},"f":{"0":1},"b":{},"_coverageSchema":"1a1c01bbd47fc00a2c39e90264f33305004495a9","hash":"aacb40714bbab5a7bab7941ab3b7e667ea041edb"}
,"/Users/dadamska/projects/JestMentoring/src/app/deleteTodoItem.ts": {"path":"/Users/dadamska/projects/JestMentoring/src/app/deleteTodoItem.ts","statementMap":{"0":{"start":{"line":1,"column":23},"end":{"line":10,"column":1}},"1":{"start":{"line":2,"column":4},"end":{"line":9,"column":5}},"2":{"start":{"line":3,"column":8},"end":{"line":5,"column":11}},"3":{"start":{"line":8,"column":8},"end":{"line":8,"column":26}}},"fnMap":{"0":{"name":"(anonymous_0)","decl":{"start":{"line":1,"column":23},"end":{"line":1,"column":24}},"loc":{"start":{"line":1,"column":60},"end":{"line":10,"column":1}},"line":1}},"branchMap":{},"s":{"0":1,"1":0,"2":0,"3":0},"f":{"0":0},"b":{},"_coverageSchema":"1a1c01bbd47fc00a2c39e90264f33305004495a9","hash":"f2d5570eb2fb9e510ab0b36e68c9f208f15bcf99"}
,"/Users/dadamska/projects/JestMentoring/src/app/index.ts": {"path":"/Users/dadamska/projects/JestMentoring/src/app/index.ts","statementMap":{"0":{"start":{"line":6,"column":12},"end":{"line":36,"column":1}},"1":{"start":{"line":7,"column":26},"end":{"line":7,"column":57}},"2":{"start":{"line":8,"column":24},"end":{"line":8,"column":62}},"3":{"start":{"line":10,"column":33},"end":{"line":20,"column":5}},"4":{"start":{"line":11,"column":8},"end":{"line":11,"column":31}},"5":{"start":{"line":12,"column":21},"end":{"line":12,"column":79}},"6":{"start":{"line":14,"column":8},"end":{"line":19,"column":9}},"7":{"start":{"line":15,"column":30},"end":{"line":15,"column":53}},"8":{"start":{"line":16,"column":45},"end":{"line":16,"column":54}},"9":{"start":{"line":17,"column":28},"end":{"line":17,"column":66}},"10":{"start":{"line":18,"column":12},"end":{"line":18,"column":42}},"11":{"start":{"line":22,"column":27},"end":{"line":31,"column":5}},"12":{"start":{"line":23,"column":22},"end":{"line":23,"column":43}},"13":{"start":{"line":24,"column":8},"end":{"line":30,"column":11}},"14":{"start":{"line":25,"column":45},"end":{"line":25,"column":49}},"15":{"start":{"line":26,"column":29},"end":{"line":26,"column":67}},"16":{"start":{"line":27,"column":12},"end":{"line":27,"column":49}},"17":{"start":{"line":28,"column":12},"end":{"line":28,"column":44}},"18":{"start":{"line":29,"column":12},"end":{"line":29,"column":42}},"19":{"start":{"line":33,"column":4},"end":{"line":33,"column":84}},"20":{"start":{"line":33,"column":55},"end":{"line":33,"column":82}},"21":{"start":{"line":35,"column":4},"end":{"line":35,"column":27}}},"fnMap":{"0":{"name":"(anonymous_0)","decl":{"start":{"line":6,"column":12},"end":{"line":6,"column":13}},"loc":{"start":{"line":6,"column":24},"end":{"line":36,"column":1}},"line":6},"1":{"name":"(anonymous_1)","decl":{"start":{"line":10,"column":33},"end":{"line":10,"column":34}},"loc":{"start":{"line":10,"column":55},"end":{"line":20,"column":5}},"line":10},"2":{"name":"(anonymous_2)","decl":{"start":{"line":22,"column":27},"end":{"line":22,"column":28}},"loc":{"start":{"line":22,"column":54},"end":{"line":31,"column":5}},"line":22},"3":{"name":"(anonymous_3)","decl":{"start":{"line":24,"column":23},"end":{"line":24,"column":24}},"loc":{"start":{"line":24,"column":31},"end":{"line":30,"column":9}},"line":24},"4":{"name":"(anonymous_4)","decl":{"start":{"line":33,"column":44},"end":{"line":33,"column":45}},"loc":{"start":{"line":33,"column":55},"end":{"line":33,"column":82}},"line":33}},"branchMap":{"0":{"loc":{"start":{"line":14,"column":8},"end":{"line":19,"column":9}},"type":"if","locations":[{"start":{"line":14,"column":8},"end":{"line":19,"column":9}},{"start":{},"end":{}}],"line":14}},"s":{"0":1,"1":1,"2":1,"3":1,"4":0,"5":0,"6":0,"7":0,"8":0,"9":0,"10":0,"11":1,"12":1,"13":1,"14":1,"15":1,"16":1,"17":1,"18":1,"19":1,"20":0,"21":1},"f":{"0":1,"1":0,"2":1,"3":1,"4":0},"b":{"0":[0,0]},"_coverageSchema":"1a1c01bbd47fc00a2c39e90264f33305004495a9","hash":"9c773d50d8cce7d9d3f4c8d97ac78e9a2adc1d7a"}
}
